<?xml version="1.0" encoding="UTF-8"?>
<testng-results skipped="0" failed="0" ignored="0" total="1" passed="1">
  <reporter-output>
  </reporter-output>
  <suite name="Default suite" duration-ms="65300" started-at="2018-04-17T12:27:05Z" finished-at="2018-04-17T12:28:10Z">
    <groups>
    </groups>
    <test name="Default test" duration-ms="65300" started-at="2018-04-17T12:27:05Z" finished-at="2018-04-17T12:28:10Z">
      <class name="ScrollTest">
        <test-method status="PASS" signature="setUp()[pri:0, instance:ScrollTest@f6c48ac]" name="setUp" is-config="true" duration-ms="48664" started-at="2018-04-17T12:27:05Z" finished-at="2018-04-17T12:27:53Z">
          <reporter-output>
          </reporter-output>
        </test-method> <!-- setUp -->
        <test-method status="PASS" signature="testCase1()[pri:0, instance:ScrollTest@f6c48ac]" name="testCase1" duration-ms="5998" started-at="2018-04-17T12:27:53Z" finished-at="2018-04-17T12:27:59Z">
          <reporter-output>
          </reporter-output>
        </test-method> <!-- testCase1 -->
        <test-method status="PASS" signature="tearDown()[pri:0, instance:ScrollTest@f6c48ac]" name="tearDown" is-config="true" duration-ms="10552" started-at="2018-04-17T12:27:59Z" finished-at="2018-04-17T12:28:10Z">
          <reporter-output>
          </reporter-output>
        </test-method> <!-- tearDown -->
      </class> <!-- ScrollTest -->
    </test> <!-- Default test -->
  </suite> <!-- Default suite -->
</testng-results>
